  Determining projects to restore...
C:\Program Files\dotnet\sdk\9.0.307\Sdks\Microsoft.NET.Sdk\targets\Microsoft.NET.Sdk.DefaultItems.Shared.targets(111,5): warning NETSDK1080: A PackageReference to Microsoft.AspNetCore.App is not necessary when targeting .NET Core 3.0 or higher. If Microsoft.NET.Sdk.Web is used, the shared framework will be referenced automatically. Otherwise, the PackageReference should be replaced with a FrameworkReference. [D:\code\project-evolution\ProjectEvolution.Game\ProjectEvolution.Game.csproj]
  All projects are up-to-date for restore.
C:\Program Files\dotnet\sdk\9.0.307\Sdks\Microsoft.NET.Sdk\targets\Microsoft.NET.Sdk.DefaultItems.Shared.targets(111,5): warning NETSDK1080: A PackageReference to Microsoft.AspNetCore.App is not necessary when targeting .NET Core 3.0 or higher. If Microsoft.NET.Sdk.Web is used, the shared framework will be referenced automatically. Otherwise, the PackageReference should be replaced with a FrameworkReference. [D:\code\project-evolution\ProjectEvolution.Game\ProjectEvolution.Game.csproj]
D:\code\project-evolution\ProjectEvolution.Game\AnalyzeTiles.cs(11,24): warning CS7022: The entry point of the program is global code; ignoring 'AnalyzeTiles.Main()' entry point. [D:\code\project-evolution\ProjectEvolution.Game\ProjectEvolution.Game.csproj]
D:\code\project-evolution\ProjectEvolution.Game\RunTMXAnalyzer.cs(8,24): warning CS7022: The entry point of the program is global code; ignoring 'RunTMXAnalyzer.Main(string[])' entry point. [D:\code\project-evolution\ProjectEvolution.Game\ProjectEvolution.Game.csproj]
D:\code\project-evolution\ProjectEvolution.Game\RPGGame.cs(110,9): error CS0103: The name 'InitializeWorldMap' does not exist in the current context [D:\code\project-evolution\ProjectEvolution.Game\ProjectEvolution.Game.csproj]
D:\code\project-evolution\ProjectEvolution.Game\RPGGame.cs(64,59): warning CS8625: Cannot convert null literal to non-nullable reference type. [D:\code\project-evolution\ProjectEvolution.Game\ProjectEvolution.Game.csproj]
D:\code\project-evolution\ProjectEvolution.Game\UltimaStyleDashboard.cs(10,26): warning CS8618: Non-nullable field '_screen' must contain a non-null value when exiting constructor. Consider adding the 'required' modifier or declaring the field as nullable. [D:\code\project-evolution\ProjectEvolution.Game\ProjectEvolution.Game.csproj]
D:\code\project-evolution\ProjectEvolution.Game\RPGGame.cs(2238,27): warning CS8625: Cannot convert null literal to non-nullable reference type. [D:\code\project-evolution\ProjectEvolution.Game\ProjectEvolution.Game.csproj]
D:\code\project-evolution\ProjectEvolution.Game\RPGGame.cs(2609,23): warning CS8625: Cannot convert null literal to non-nullable reference type. [D:\code\project-evolution\ProjectEvolution.Game\ProjectEvolution.Game.csproj]
D:\code\project-evolution\ProjectEvolution.Game\ProgressionFramework.cs(166,24): warning CS0414: The field 'ProgressionFrameworkResearcher._lastConsoleHeight' is assigned but its value is never used [D:\code\project-evolution\ProjectEvolution.Game\ProjectEvolution.Game.csproj]
D:\code\project-evolution\ProjectEvolution.Game\ProgressionFramework.cs(165,24): warning CS0414: The field 'ProgressionFrameworkResearcher._lastConsoleWidth' is assigned but its value is never used [D:\code\project-evolution\ProjectEvolution.Game\ProjectEvolution.Game.csproj]
D:\code\project-evolution\ProjectEvolution.Game\RPGGame.cs(55,17): warning CS0414: The field 'RPGGame._configuredMobDetection' is assigned but its value is never used [D:\code\project-evolution\ProjectEvolution.Game\ProjectEvolution.Game.csproj]
D:\code\project-evolution\ProjectEvolution.Game\RPGGame.cs(54,17): warning CS0414: The field 'RPGGame._configuredMaxMobs' is assigned but its value is never used [D:\code\project-evolution\ProjectEvolution.Game\ProjectEvolution.Game.csproj]
D:\code\project-evolution\ProjectEvolution.Game\ProgressionFramework.cs(205,24): warning CS0414: The field 'ProgressionFrameworkResearcher.POPULATION_SIZE' is assigned but its value is never used [D:\code\project-evolution\ProjectEvolution.Game\ProjectEvolution.Game.csproj]
D:\code\project-evolution\ProjectEvolution.Game\AutoPlayer.cs(55,29): warning CS0414: The field 'AutoPlayer._targetLocation' is assigned but its value is never used [D:\code\project-evolution\ProjectEvolution.Game\ProjectEvolution.Game.csproj]
D:\code\project-evolution\ProjectEvolution.Game\ProgressionFramework.cs(447,13): warning CA1416: This call site is reachable on all platforms. 'Console.SetBufferSize(int, int)' is only supported on: 'windows'. (https://learn.microsoft.com/dotnet/fundamentals/code-analysis/quality-rules/ca1416) [D:\code\project-evolution\ProjectEvolution.Game\ProjectEvolution.Game.csproj]

Build FAILED.

C:\Program Files\dotnet\sdk\9.0.307\Sdks\Microsoft.NET.Sdk\targets\Microsoft.NET.Sdk.DefaultItems.Shared.targets(111,5): warning NETSDK1080: A PackageReference to Microsoft.AspNetCore.App is not necessary when targeting .NET Core 3.0 or higher. If Microsoft.NET.Sdk.Web is used, the shared framework will be referenced automatically. Otherwise, the PackageReference should be replaced with a FrameworkReference. [D:\code\project-evolution\ProjectEvolution.Game\ProjectEvolution.Game.csproj]
C:\Program Files\dotnet\sdk\9.0.307\Sdks\Microsoft.NET.Sdk\targets\Microsoft.NET.Sdk.DefaultItems.Shared.targets(111,5): warning NETSDK1080: A PackageReference to Microsoft.AspNetCore.App is not necessary when targeting .NET Core 3.0 or higher. If Microsoft.NET.Sdk.Web is used, the shared framework will be referenced automatically. Otherwise, the PackageReference should be replaced with a FrameworkReference. [D:\code\project-evolution\ProjectEvolution.Game\ProjectEvolution.Game.csproj]
D:\code\project-evolution\ProjectEvolution.Game\AnalyzeTiles.cs(11,24): warning CS7022: The entry point of the program is global code; ignoring 'AnalyzeTiles.Main()' entry point. [D:\code\project-evolution\ProjectEvolution.Game\ProjectEvolution.Game.csproj]
D:\code\project-evolution\ProjectEvolution.Game\RunTMXAnalyzer.cs(8,24): warning CS7022: The entry point of the program is global code; ignoring 'RunTMXAnalyzer.Main(string[])' entry point. [D:\code\project-evolution\ProjectEvolution.Game\ProjectEvolution.Game.csproj]
D:\code\project-evolution\ProjectEvolution.Game\RPGGame.cs(64,59): warning CS8625: Cannot convert null literal to non-nullable reference type. [D:\code\project-evolution\ProjectEvolution.Game\ProjectEvolution.Game.csproj]
D:\code\project-evolution\ProjectEvolution.Game\UltimaStyleDashboard.cs(10,26): warning CS8618: Non-nullable field '_screen' must contain a non-null value when exiting constructor. Consider adding the 'required' modifier or declaring the field as nullable. [D:\code\project-evolution\ProjectEvolution.Game\ProjectEvolution.Game.csproj]
D:\code\project-evolution\ProjectEvolution.Game\RPGGame.cs(2238,27): warning CS8625: Cannot convert null literal to non-nullable reference type. [D:\code\project-evolution\ProjectEvolution.Game\ProjectEvolution.Game.csproj]
D:\code\project-evolution\ProjectEvolution.Game\RPGGame.cs(2609,23): warning CS8625: Cannot convert null literal to non-nullable reference type. [D:\code\project-evolution\ProjectEvolution.Game\ProjectEvolution.Game.csproj]
D:\code\project-evolution\ProjectEvolution.Game\ProgressionFramework.cs(166,24): warning CS0414: The field 'ProgressionFrameworkResearcher._lastConsoleHeight' is assigned but its value is never used [D:\code\project-evolution\ProjectEvolution.Game\ProjectEvolution.Game.csproj]
D:\code\project-evolution\ProjectEvolution.Game\ProgressionFramework.cs(165,24): warning CS0414: The field 'ProgressionFrameworkResearcher._lastConsoleWidth' is assigned but its value is never used [D:\code\project-evolution\ProjectEvolution.Game\ProjectEvolution.Game.csproj]
D:\code\project-evolution\ProjectEvolution.Game\RPGGame.cs(55,17): warning CS0414: The field 'RPGGame._configuredMobDetection' is assigned but its value is never used [D:\code\project-evolution\ProjectEvolution.Game\ProjectEvolution.Game.csproj]
D:\code\project-evolution\ProjectEvolution.Game\RPGGame.cs(54,17): warning CS0414: The field 'RPGGame._configuredMaxMobs' is assigned but its value is never used [D:\code\project-evolution\ProjectEvolution.Game\ProjectEvolution.Game.csproj]
D:\code\project-evolution\ProjectEvolution.Game\ProgressionFramework.cs(205,24): warning CS0414: The field 'ProgressionFrameworkResearcher.POPULATION_SIZE' is assigned but its value is never used [D:\code\project-evolution\ProjectEvolution.Game\ProjectEvolution.Game.csproj]
D:\code\project-evolution\ProjectEvolution.Game\AutoPlayer.cs(55,29): warning CS0414: The field 'AutoPlayer._targetLocation' is assigned but its value is never used [D:\code\project-evolution\ProjectEvolution.Game\ProjectEvolution.Game.csproj]
D:\code\project-evolution\ProjectEvolution.Game\ProgressionFramework.cs(447,13): warning CA1416: This call site is reachable on all platforms. 'Console.SetBufferSize(int, int)' is only supported on: 'windows'. (https://learn.microsoft.com/dotnet/fundamentals/code-analysis/quality-rules/ca1416) [D:\code\project-evolution\ProjectEvolution.Game\ProjectEvolution.Game.csproj]
D:\code\project-evolution\ProjectEvolution.Game\RPGGame.cs(110,9): error CS0103: The name 'InitializeWorldMap' does not exist in the current context [D:\code\project-evolution\ProjectEvolution.Game\ProjectEvolution.Game.csproj]
    15 Warning(s)
    1 Error(s)

Time Elapsed 00:00:00.94
